<?xml version="1.0" encoding="UTF-8"?>
<!-- Generated by org.testng.reporters.JUnitReportReporter -->
<testsuite hostname="DESKTOP-C11KPRV" failures="0" tests="1" name="testCases.TC001_AccountLogin" time="1.607" errors="0" timestamp="2025-09-01T13:58:11 IST" skipped="0">
  <testcase classname="testCases.TC001_AccountLogin" name="verifyLogin" time="1.607"/>
</testsuite> <!-- testCases.TC001_AccountLogin -->
