<?xml version="1.0" encoding="UTF-8"?>
<!-- Generated by org.testng.reporters.JUnitReportReporter -->
<testsuite hostname="DESKTOP-C11KPRV" failures="0" tests="1" name="testCases.TC001_AccountLogin" time="1.740" errors="0" timestamp="2025-08-21T22:19:12 IST" skipped="0">
  <testcase classname="testCases.TC001_AccountLogin" name="verifyLogin" time="1.740"/>
</testsuite> <!-- testCases.TC001_AccountLogin -->
